#
# There is insufficient memory for the Java Runtime Environment to continue.
# Native memory allocation (mmap) failed to map 335544320 bytes for G1 virtual space
# Possible reasons:
#   The system is out of physical RAM or swap space
#   The process is running with CompressedOops enabled, and the Java Heap may be blocking the growth of the native heap
# Possible solutions:
#   Reduce memory load on the system
#   Increase physical memory or swap space
#   Check if swap backing store is full
#   Decrease Java heap size (-Xmx/-Xms)
#   Decrease number of Java threads
#   Decrease Java thread stack sizes (-Xss)
#   Set larger code cache with -XX:ReservedCodeCacheSize=
#   JVM is running with Zero Based Compressed Oops mode in which the Java heap is
#     placed in the first 32GB address space. The Java Heap base address is the
#     maximum limit for the native heap growth. Please use -XX:HeapBaseMinAddress
#     to set the Java Heap base and to place the Java Heap above 32GB virtual address.
# This output file may be truncated or incomplete.
#
#  Out of Memory Error (os_windows.cpp:3528), pid=16280, tid=20796
#
# JRE version:  (20.0.1+9) (build )
# Java VM: Java HotSpot(TM) 64-Bit Server VM (20.0.1+9-29, mixed mode, sharing, tiered, compressed oops, compressed class ptrs, g1 gc, windows-amd64)
# No core dump will be written. Minidumps are not enabled by default on client versions of Windows
#

---------------  S U M M A R Y ------------

Command Line: 

Host: 11th Gen Intel(R) Core(TM) i5-1135G7 @ 2.40GHz, 8 cores, 19G,  Windows 11 , 64 bit Build 22621 (10.0.22621.3085)
Time: Thu Feb 15 19:05:10 2024 Türkiye Standart Saati elapsed time: 0.012737 seconds (0d 0h 0m 0s)

---------------  T H R E A D  ---------------

Current thread (0x00000242d3491550):  JavaThread "Unknown thread" [_thread_in_vm, id=20796, stack(0x00000097ece00000,0x00000097ecf00000)]

Stack: [0x00000097ece00000,0x00000097ecf00000]
Native frames: (J=compiled Java code, j=interpreted, Vv=VM code, C=native code)
V  [jvm.dll+0x6bb95a]
V  [jvm.dll+0x8485fa]
V  [jvm.dll+0x84a1f5]
V  [jvm.dll+0x84a8f3]
V  [jvm.dll+0x280b0f]
V  [jvm.dll+0x6b86e9]
V  [jvm.dll+0x6ad2da]
V  [jvm.dll+0x35adf5]
V  [jvm.dll+0x363016]
V  [jvm.dll+0x3b3b3e]
V  [jvm.dll+0x3b3dc5]
V  [jvm.dll+0x32b50a]
V  [jvm.dll+0x32c32b]
V  [jvm.dll+0x8112bf]
V  [jvm.dll+0x3c0d91]
V  [jvm.dll+0x7fcfe3]
V  [jvm.dll+0x44c76f]
V  [jvm.dll+0x44e0e1]
C  [jli.dll+0x5287]
C  [ucrtbase.dll+0x29363]
C  [KERNEL32.DLL+0x1257d]
C  [ntdll.dll+0x5aa58]


---------------  P R O C E S S  ---------------

Threads class SMR info:
_java_thread_list=0x00007ffe86f3a098, length=0, elements={
}

Java Threads: ( => current thread )

Other Threads:
  0x00000242d350d200 WorkerThread "GC Thread#0" [stack: 0x00000097ecf00000,0x00000097ed000000] [id=10688]
  0x00000242d3518010 ConcurrentGCThread "G1 Main Marker" [stack: 0x00000097ed000000,0x00000097ed100000] [id=19952]
  0x00000242d35190f0 WorkerThread "G1 Conc#0" [stack: 0x00000097ed100000,0x00000097ed200000] [id=20892]

[error occurred during error reporting (printing all threads), id 0xc0000005, EXCEPTION_ACCESS_VIOLATION (0xc0000005) at pc=0x00007ffe8671eb47]
VM state: not at safepoint (not fully initialized)

VM Mutex/Monitor currently owned by a thread:  ([mutex/lock_event])
[0x00000242d348bd40] Heap_lock - owner thread: 0x00000242d3491550

Heap address: 0x00000006c3400000, size: 5068 MB, Compressed Oops mode: Zero based, Oop shift amount: 3

CDS archive(s) mapped at: [0x0000000000000000-0x0000000000000000-0x0000000000000000), size 0, SharedBaseAddress: 0x0000000800000000, ArchiveRelocationMode: 0.
Narrow klass base: 0x0000000000000000, Narrow klass shift: 0, Narrow klass range: 0x0

GC Precious Log:
 CardTable entry size: 512
 Card Set container configuration: InlinePtr #cards 4 size 8 Array Of Cards #cards 32 size 80 Howl #buckets 8 coarsen threshold 7372 Howl Bitmap #cards 1024 size 144 coarsen threshold 921 Card regions per heap region 1 cards per card region 8192

Heap:
 garbage-first heap   total 0K, used 0K [0x00000006c3400000, 0x0000000800000000)
  region size 4096K, 0 young (0K), 0 survivors (0K)

[error occurred during error reporting (printing heap information), id 0xc0000005, EXCEPTION_ACCESS_VIOLATION (0xc0000005) at pc=0x00007ffe86af3c59]
GC Heap History (0 events):
No events

Dll operation events (1 events):
Event: 0.009 Loaded shared library C:\Program Files\Java\jdk-20\bin\java.dll

Deoptimization events (0 events):
No events

Classes loaded (0 events):
No events

Classes unloaded (0 events):
No events

Classes redefined (0 events):
No events

Internal exceptions (0 events):
No events

VM Operations (0 events):
No events

Events (0 events):
No events


Dynamic libraries:
0x00007ff779130000 - 0x00007ff779140000 	C:\Program Files\Java\jdk-20\bin\java.exe
0x00007fff05b10000 - 0x00007fff05d27000 	C:\Windows\SYSTEM32\ntdll.dll
0x00007fff043d0000 - 0x00007fff04494000 	C:\Windows\System32\KERNEL32.DLL
0x00007fff03360000 - 0x00007fff03706000 	C:\Windows\System32\KERNELBASE.dll
0x00007fff03740000 - 0x00007fff03851000 	C:\Windows\System32\ucrtbase.dll
0x00007ffee10f0000 - 0x00007ffee110b000 	C:\Program Files\Java\jdk-20\bin\VCRUNTIME140.dll
0x00007ffef6f50000 - 0x00007ffef6f69000 	C:\Program Files\Java\jdk-20\bin\jli.dll
0x00007fff03dd0000 - 0x00007fff03e83000 	C:\Windows\System32\ADVAPI32.dll
0x00007fff05a10000 - 0x00007fff05ab7000 	C:\Windows\System32\msvcrt.dll
0x00007fff04270000 - 0x00007fff04318000 	C:\Windows\System32\sechost.dll
0x00007fff03710000 - 0x00007fff03738000 	C:\Windows\System32\bcrypt.dll
0x00007fff03a10000 - 0x00007fff03b27000 	C:\Windows\System32\RPCRT4.dll
0x00007fff03860000 - 0x00007fff03a0e000 	C:\Windows\System32\USER32.dll
0x00007fff023a0000 - 0x00007fff02633000 	C:\Windows\WinSxS\amd64_microsoft.windows.common-controls_6595b64144ccf1df_6.0.22621.2506_none_270c5ae97388e100\COMCTL32.dll
0x00007fff02f40000 - 0x00007fff02f66000 	C:\Windows\System32\win32u.dll
0x00007fff04fb0000 - 0x00007fff04fd9000 	C:\Windows\System32\GDI32.dll
0x00007fff02f70000 - 0x00007fff03088000 	C:\Windows\System32\gdi32full.dll
0x00007fff032c0000 - 0x00007fff0335a000 	C:\Windows\System32\msvcp_win.dll
0x00007ffef3df0000 - 0x00007ffef3dfa000 	C:\Windows\SYSTEM32\VERSION.dll
0x00007fff03e90000 - 0x00007fff03ec1000 	C:\Windows\System32\IMM32.DLL
0x00007ffefeec0000 - 0x00007ffefeecc000 	C:\Program Files\Java\jdk-20\bin\vcruntime140_1.dll
0x00007ffeabd10000 - 0x00007ffeabd9e000 	C:\Program Files\Java\jdk-20\bin\msvcp140.dll
0x00007ffe863e0000 - 0x00007ffe87077000 	C:\Program Files\Java\jdk-20\bin\server\jvm.dll
0x00007ffef6ea0000 - 0x00007ffef6ed4000 	C:\Windows\SYSTEM32\WINMM.dll
0x00007ffee0e40000 - 0x00007ffee0e49000 	C:\Windows\SYSTEM32\WSOCK32.dll
0x00007fff03c70000 - 0x00007fff03ce1000 	C:\Windows\System32\WS2_32.dll
0x00007fff01590000 - 0x00007fff015a8000 	C:\Windows\SYSTEM32\kernel.appcore.dll
0x00007ffeebd90000 - 0x00007ffeebd9a000 	C:\Program Files\Java\jdk-20\bin\jimage.dll
0x00007fff027c0000 - 0x00007fff029f3000 	C:\Windows\SYSTEM32\DBGHELP.DLL
0x00007fff03ee0000 - 0x00007fff04269000 	C:\Windows\System32\combase.dll
0x00007fff03cf0000 - 0x00007fff03dc7000 	C:\Windows\System32\OLEAUT32.dll
0x00007fff02660000 - 0x00007fff02692000 	C:\Windows\SYSTEM32\dbgcore.DLL
0x00007fff02e50000 - 0x00007fff02eca000 	C:\Windows\System32\bcryptPrimitives.dll
0x00007ffeb7b10000 - 0x00007ffeb7b36000 	C:\Program Files\Java\jdk-20\bin\java.dll

dbghelp: loaded successfully - version: 4.0.5 - missing functions: none
symbol engine: initialized successfully - sym options: 0x614 - pdb path: .;C:\Program Files\Java\jdk-20\bin;C:\Windows\SYSTEM32;C:\Windows\WinSxS\amd64_microsoft.windows.common-controls_6595b64144ccf1df_6.0.22621.2506_none_270c5ae97388e100;C:\Program Files\Java\jdk-20\bin\server

VM Arguments:
java_command: <unknown>
java_class_path (initial): <not set>
Launcher Type: SUN_STANDARD

[Global flags]
     intx CICompilerCount                          = 4                                         {product} {ergonomic}
     uint ConcGCThreads                            = 2                                         {product} {ergonomic}
     uint G1ConcRefinementThreads                  = 8                                         {product} {ergonomic}
   size_t G1HeapRegionSize                         = 4194304                                   {product} {ergonomic}
    uintx GCDrainStackTargetSize                   = 64                                        {product} {ergonomic}
   size_t InitialHeapSize                          = 335544320                                 {product} {ergonomic}
   size_t MarkStackSize                            = 4194304                                   {product} {ergonomic}
   size_t MaxHeapSize                              = 5314183168                                {product} {ergonomic}
   size_t MinHeapDeltaBytes                        = 4194304                                   {product} {ergonomic}
   size_t MinHeapSize                              = 8388608                                   {product} {ergonomic}
    uintx NonNMethodCodeHeapSize                   = 5839372                                {pd product} {ergonomic}
    uintx NonProfiledCodeHeapSize                  = 122909434                              {pd product} {ergonomic}
    uintx ProfiledCodeHeapSize                     = 122909434                              {pd product} {ergonomic}
    uintx ReservedCodeCacheSize                    = 251658240                              {pd product} {ergonomic}
     bool SegmentedCodeCache                       = true                                      {product} {ergonomic}
   size_t SoftMaxHeapSize                          = 5314183168                             {manageable} {ergonomic}
     bool UseCompressedClassPointers               = true                           {product lp64_product} {ergonomic}
     bool UseCompressedOops                        = true                           {product lp64_product} {ergonomic}
     bool UseG1GC                                  = true                                      {product} {ergonomic}
     bool UseLargePagesIndividualAllocation        = false                                  {pd product} {ergonomic}

Logging:
Log output configuration:
 #0: stdout all=warning uptime,level,tags foldmultilines=false
 #1: stderr all=off uptime,level,tags foldmultilines=false

Environment Variables:
PATH=C:\Program Files\Common Files\Oracle\Java\javapath;C:\Program Files (x86)\Common Files\Oracle\Java\javapath;C:\Windows\system32;C:\Windows;C:\Windows\System32\Wbem;C:\Windows\System32\WindowsPowerShell\v1.0\;C:\Windows\System32\OpenSSH\;C:\Program Files (x86)\Microsoft SQL Server\160\Tools\Binn\;C:\Program Files\Microsoft SQL Server\160\Tools\Binn\;C:\Program Files\Microsoft SQL Server\Client SDK\ODBC\170\Tools\Binn\;C:\Program Files\Microsoft SQL Server\160\DTS\Binn\;C:\MinGW\bin;C:\Program Files (x86)\Microsoft SQL Server\160\DTS\Binn\;C:\Program Files\Azure Data Studio\bin;C:\Program Files\Git\cmd;C:\Program Files\nodejs\;C:\Program Files\Docker\Docker\resources\bin;C:\Program Files\apache-maven-3.9.4\bin;C:\Users\mrahm\AppData\Local\Pub\Cache\bin;C:\Program Files\Microsoft SQL Server\150\Tools\Binn\;C:\Program Files\dotnet\;C:\Users\mrahm\anaconda3;C:\Users\mrahm\anaconda3\Library\mingw-w64\bin;C:\Users\mrahm\anaconda3\Library\usr\bin;C:\Users\mrahm\anaconda3\Library\bin;C:\Users\mrahm\anaconda3\Scripts;C:\Program Files\MySQL\MySQL Shell 8.0\bin\;C:\Users\mrahm\AppData\Local\Microsoft\WindowsApps;C:\Users\mrahm\AppData\Local\Programs\Microsoft VS Code\bin;C:\Users\mrahm\AppData\Local\GitHubDesktop\bin;C:\Program Files\Azure Data Studio\bin;C:\Program Files\JetBrains\IntelliJ IDEA 2023.1.3\bin;;C:\Users\mrahm\AppData\Roaming\npm;C:\src\flutter\bin;C:\dart-sdk\bin;C:\Program Files\MySQL\MySQL Server 8.1\bin;C:\Program Files\apache-maven-3.9.4\bin;C:\Users\mrahm\AppData\Local\Pub\Cache\bin;C:\Users\mrahm\.dotnet\tools;C:\Users\mrahm\AppData\Local\Android\Sdk\platform-tools;C:\src\flutter\bin\mingit\cmd
USERNAME=mrahm
OS=Windows_NT
PROCESSOR_IDENTIFIER=Intel64 Family 6 Model 140 Stepping 1, GenuineIntel
TMP=C:\Users\mrahm\AppData\Local\Temp
TEMP=C:\Users\mrahm\AppData\Local\Temp




---------------  S Y S T E M  ---------------

OS:
 Windows 11 , 64 bit Build 22621 (10.0.22621.3085)
OS uptime: 9 days 21:25 hours
Hyper-V role detected

CPU: total 8 (initial active 8) (4 cores per cpu, 2 threads per core) family 6 model 140 stepping 1 microcode 0x8a, cx8, cmov, fxsr, ht, mmx, 3dnowpref, sse, sse2, sse3, ssse3, sse4.1, sse4.2, popcnt, lzcnt, tsc, tscinvbit, avx, avx2, aes, erms, clmul, bmi1, bmi2, adx, avx512f, avx512dq, avx512cd, avx512bw, avx512vl, sha, fma, vzeroupper, avx512_vpopcntdq, avx512_vpclmulqdq, avx512_vaes, avx512_vnni, clflush, clflushopt, clwb, avx512_vbmi2, avx512_vbmi, hv, rdtscp, rdpid, fsrm, gfni, avx512_bitalg, f16c, cet_ibt, cet_ss, avx512_ifma

Memory: 4k page, system-wide physical 20259M (1532M free)
TotalPageFile size 27427M (AvailPageFile size 302M)
current process WorkingSet (physical memory assigned to process): 11M, peak: 11M
current process commit charge ("private bytes"): 60M, peak: 380M

vm_info: Java HotSpot(TM) 64-Bit Server VM (20.0.1+9-29) for windows-amd64 JRE (20.0.1+9-29), built on 2023-03-07T13:56:11Z by "mach5one" with MS VC++ 17.1 (VS2022)

END.
