#
# There is insufficient memory for the Java Runtime Environment to continue.
# Native memory allocation (mmap) failed to map 65536 bytes for Failed to commit metaspace.
# Possible reasons:
#   The system is out of physical RAM or swap space
#   The process is running with CompressedOops enabled, and the Java Heap may be blocking the growth of the native heap
# Possible solutions:
#   Reduce memory load on the system
#   Increase physical memory or swap space
#   Check if swap backing store is full
#   Decrease Java heap size (-Xmx/-Xms)
#   Decrease number of Java threads
#   Decrease Java thread stack sizes (-Xss)
#   Set larger code cache with -XX:ReservedCodeCacheSize=
#   JVM is running with Zero Based Compressed Oops mode in which the Java heap is
#     placed in the first 32GB address space. The Java Heap base address is the
#     maximum limit for the native heap growth. Please use -XX:HeapBaseMinAddress
#     to set the Java Heap base and to place the Java Heap above 32GB virtual address.
# This output file may be truncated or incomplete.
#
#  Out of Memory Error (virtualSpaceNode.cpp:110), pid=10064, tid=16116
#
# JRE version: OpenJDK Runtime Environment (17.0.6) (build 17.0.6+0-b2043.56-10027231)
# Java VM: OpenJDK 64-Bit Server VM (17.0.6+0-b2043.56-10027231, mixed mode, tiered, compressed oops, compressed class ptrs, g1 gc, windows-amd64)
# No core dump will be written. Minidumps are not enabled by default on client versions of Windows
#

---------------  S U M M A R Y ------------

Command Line: -Dorg.gradle.appname=gradlew org.gradle.wrapper.GradleWrapperMain -q -Ptarget-platform=android-arm64 -Ptarget=C:\Users\mrahm\Desktop\solutionChallenge\lib\widgets\main.dart -Pbase-application-name=android.app.Application -Pdart-defines=Zmx1dHRlci5pbnNwZWN0b3Iuc3RydWN0dXJlZEVycm9ycz10cnVl,RkxVVFRFUl9XRUJfQVVUT19ERVRFQ1Q9dHJ1ZQ==,RkxVVFRFUl9XRUJfQ0FOVkFTS0lUX1VSTD1odHRwczovL3d3dy5nc3RhdGljLmNvbS9mbHV0dGVyLWNhbnZhc2tpdC9jZGJlZGE3ODhhMjkzZmEyOTY2NWRjM2ZhM2Q2ZTYzYmQyMjFjYjBkLw== -Pdart-obfuscation=false -Ptrack-widget-creation=true -Ptree-shake-icons=false -Pfilesystem-scheme=org-dartlang-root assembleDebug

Host: 11th Gen Intel(R) Core(TM) i5-1135G7 @ 2.40GHz, 8 cores, 19G,  Windows 11 , 64 bit Build 22621 (10.0.22621.3085)
Time: Mon Feb 19 00:06:56 2024 Türkiye Standart Saati elapsed time: 5.073365 seconds (0d 0h 0m 5s)

---------------  T H R E A D  ---------------

Current thread (0x00000230fd3a2ac0):  JavaThread "main" [_thread_in_vm, id=16116, stack(0x0000009bab200000,0x0000009bab300000)]

Stack: [0x0000009bab200000,0x0000009bab300000]
Native frames: (J=compiled Java code, j=interpreted, Vv=VM code, C=native code)
V  [jvm.dll+0x683c9a]
V  [jvm.dll+0x8427a4]
V  [jvm.dll+0x843f9e]
V  [jvm.dll+0x844603]
V  [jvm.dll+0x249b75]
V  [jvm.dll+0x83e7fb]
V  [jvm.dll+0x628006]
V  [jvm.dll+0x1c194e]
V  [jvm.dll+0x62a941]
V  [jvm.dll+0x6289a6]
V  [jvm.dll+0x6397a9]
V  [jvm.dll+0x632ab4]
V  [jvm.dll+0x384bd1]
C  0x000002308a93c727

Java frames: (J=compiled Java code, j=interpreted, Vv=VM code)
j  jdk.internal.reflect.AccessorGenerator.add(SS)S+0 java.base@17.0.6
j  jdk.internal.reflect.MethodAccessorGenerator.generate(Ljava/lang/Class;Ljava/lang/String;[Ljava/lang/Class;Ljava/lang/Class;[Ljava/lang/Class;IZZLjava/lang/Class;)Ljdk/internal/reflect/MagicAccessorImpl;+114 java.base@17.0.6
j  jdk.internal.reflect.MethodAccessorGenerator.generateMethod(Ljava/lang/Class;Ljava/lang/String;[Ljava/lang/Class;Ljava/lang/Class;[Ljava/lang/Class;I)Ljdk/internal/reflect/MethodAccessor;+13 java.base@17.0.6
j  jdk.internal.reflect.NativeMethodAccessorImpl.invoke(Ljava/lang/Object;[Ljava/lang/Object;)Ljava/lang/Object;+101 java.base@17.0.6
j  jdk.internal.reflect.DelegatingMethodAccessorImpl.invoke(Ljava/lang/Object;[Ljava/lang/Object;)Ljava/lang/Object;+6 java.base@17.0.6
j  java.lang.reflect.Method.invoke(Ljava/lang/Object;[Ljava/lang/Object;)Ljava/lang/Object;+59 java.base@17.0.6
j  org.gradle.internal.dispatch.ReflectionDispatch.dispatch(Lorg/gradle/internal/dispatch/MethodInvocation;)V+19
j  org.gradle.internal.dispatch.ReflectionDispatch.dispatch(Ljava/lang/Object;)V+5
j  org.gradle.internal.event.AbstractBroadcastDispatch.dispatch(Lorg/gradle/internal/dispatch/MethodInvocation;Lorg/gradle/internal/dispatch/Dispatch;)V+2
j  org.gradle.internal.event.BroadcastDispatch$SingletonDispatch.dispatch(Lorg/gradle/internal/dispatch/MethodInvocation;)V+6
j  org.gradle.internal.event.BroadcastDispatch$SingletonDispatch.dispatch(Ljava/lang/Object;)V+5
j  org.gradle.internal.event.ListenerBroadcast.dispatch(Lorg/gradle/internal/dispatch/MethodInvocation;)V+5
j  org.gradle.internal.event.ListenerBroadcast.dispatch(Ljava/lang/Object;)V+5
j  org.gradle.internal.dispatch.ProxyDispatchAdapter$DispatchingInvocationHandler.invoke(Ljava/lang/Object;Ljava/lang/reflect/Method;[Ljava/lang/Object;)Ljava/lang/Object;+177
j  jdk.proxy1.$Proxy0.onOutput(Lorg/gradle/internal/logging/events/OutputEvent;)V+16 jdk.proxy1
j  org.gradle.internal.logging.sink.OutputEventTransformer.onOutput(Lorg/gradle/internal/logging/events/OutputEvent;)V+278
j  org.gradle.internal.logging.sink.OutputEventRenderer.onOutput(Lorg/gradle/internal/logging/events/OutputEvent;)V+85
j  org.gradle.internal.logging.sink.OutputEventListenerManager$1.onOutput(Lorg/gradle/internal/logging/events/OutputEvent;)V+8
j  org.gradle.launcher.daemon.client.DaemonClient.monitorBuild(Lorg/gradle/launcher/daemon/protocol/Build;Lorg/gradle/launcher/daemon/diagnostics/DaemonDiagnostics;Lorg/gradle/internal/remote/internal/Connection;Lorg/gradle/initialization/BuildCancellationToken;Lorg/gradle/initialization/BuildEventConsumer;)Ljava/lang/Object;+159
j  org.gradle.launcher.daemon.client.DaemonClient.executeBuild(Lorg/gradle/launcher/daemon/protocol/Build;Lorg/gradle/launcher/daemon/client/DaemonClientConnection;Lorg/gradle/initialization/BuildCancellationToken;Lorg/gradle/initialization/BuildEventConsumer;)Lorg/gradle/launcher/exec/BuildActionResult;+128
j  org.gradle.launcher.daemon.client.DaemonClient.execute(Lorg/gradle/internal/invocation/BuildAction;Lorg/gradle/launcher/exec/BuildActionParameters;Lorg/gradle/initialization/BuildRequestContext;)Lorg/gradle/launcher/exec/BuildActionResult;+135
j  org.gradle.launcher.daemon.client.DaemonClient.execute(Lorg/gradle/internal/invocation/BuildAction;Ljava/lang/Object;Ljava/lang/Object;)Lorg/gradle/launcher/exec/BuildActionResult;+10
j  org.gradle.launcher.cli.RunBuildAction.run()V+74
j  org.gradle.internal.Actions$RunnableActionAdapter.execute(Ljava/lang/Object;)V+4
j  org.gradle.launcher.cli.DefaultCommandLineActionFactory$ParseAndBuildAction.execute(Lorg/gradle/launcher/bootstrap/ExecutionListener;)V+60
j  org.gradle.launcher.cli.DefaultCommandLineActionFactory$ParseAndBuildAction.execute(Ljava/lang/Object;)V+5
j  org.gradle.launcher.cli.DebugLoggerWarningAction.execute(Lorg/gradle/launcher/bootstrap/ExecutionListener;)V+9
j  org.gradle.launcher.cli.DebugLoggerWarningAction.execute(Ljava/lang/Object;)V+5
j  org.gradle.launcher.cli.WelcomeMessageAction.execute(Lorg/gradle/launcher/bootstrap/ExecutionListener;)V+218
j  org.gradle.launcher.cli.WelcomeMessageAction.execute(Ljava/lang/Object;)V+5
j  org.gradle.launcher.cli.NativeServicesInitializingAction.execute(Lorg/gradle/launcher/bootstrap/ExecutionListener;)V+35
j  org.gradle.launcher.cli.NativeServicesInitializingAction.execute(Ljava/lang/Object;)V+5
j  org.gradle.launcher.cli.ExceptionReportingAction.execute(Lorg/gradle/launcher/bootstrap/ExecutionListener;)V+5
j  org.gradle.launcher.cli.ExceptionReportingAction.execute(Ljava/lang/Object;)V+5
j  org.gradle.launcher.cli.DefaultCommandLineActionFactory$WithLogging.execute(Lorg/gradle/launcher/bootstrap/ExecutionListener;)V+299
j  org.gradle.launcher.Main.doAction([Ljava/lang/String;Lorg/gradle/launcher/bootstrap/ExecutionListener;)V+14
j  org.gradle.launcher.bootstrap.EntryPoint.run([Ljava/lang/String;)V+12
v  ~StubRoutines::call_stub
j  jdk.internal.reflect.NativeMethodAccessorImpl.invoke0(Ljava/lang/reflect/Method;Ljava/lang/Object;[Ljava/lang/Object;)Ljava/lang/Object;+0 java.base@17.0.6
j  jdk.internal.reflect.NativeMethodAccessorImpl.invoke(Ljava/lang/Object;[Ljava/lang/Object;)Ljava/lang/Object;+133 java.base@17.0.6
j  jdk.internal.reflect.DelegatingMethodAccessorImpl.invoke(Ljava/lang/Object;[Ljava/lang/Object;)Ljava/lang/Object;+6 java.base@17.0.6
j  java.lang.reflect.Method.invoke(Ljava/lang/Object;[Ljava/lang/Object;)Ljava/lang/Object;+59 java.base@17.0.6
j  org.gradle.launcher.bootstrap.ProcessBootstrap.runNoExit(Ljava/lang/String;[Ljava/lang/String;)V+159
j  org.gradle.launcher.bootstrap.ProcessBootstrap.run(Ljava/lang/String;[Ljava/lang/String;)V+2
v  ~StubRoutines::call_stub
j  jdk.internal.reflect.NativeMethodAccessorImpl.invoke0(Ljava/lang/reflect/Method;Ljava/lang/Object;[Ljava/lang/Object;)Ljava/lang/Object;+0 java.base@17.0.6
j  jdk.internal.reflect.NativeMethodAccessorImpl.invoke(Ljava/lang/Object;[Ljava/lang/Object;)Ljava/lang/Object;+133 java.base@17.0.6
j  jdk.internal.reflect.DelegatingMethodAccessorImpl.invoke(Ljava/lang/Object;[Ljava/lang/Object;)Ljava/lang/Object;+6 java.base@17.0.6
j  java.lang.reflect.Method.invoke(Ljava/lang/Object;[Ljava/lang/Object;)Ljava/lang/Object;+59 java.base@17.0.6
j  org.gradle.launcher.GradleMain.main([Ljava/lang/String;)V+100
v  ~StubRoutines::call_stub
j  jdk.internal.reflect.NativeMethodAccessorImpl.invoke0(Ljava/lang/reflect/Method;Ljava/lang/Object;[Ljava/lang/Object;)Ljava/lang/Object;+0 java.base@17.0.6
j  jdk.internal.reflect.NativeMethodAccessorImpl.invoke(Ljava/lang/Object;[Ljava/lang/Object;)Ljava/lang/Object;+133 java.base@17.0.6
j  jdk.internal.reflect.DelegatingMethodAccessorImpl.invoke(Ljava/lang/Object;[Ljava/lang/Object;)Ljava/lang/Object;+6 java.base@17.0.6
j  java.lang.reflect.Method.invoke(Ljava/lang/Object;[Ljava/lang/Object;)Ljava/lang/Object;+59 java.base@17.0.6
j  org.gradle.wrapper.BootstrapMainStarter.start([Ljava/lang/String;Ljava/io/File;)V+82
j  org.gradle.wrapper.WrapperExecutor.execute([Ljava/lang/String;Lorg/gradle/wrapper/Install;Lorg/gradle/wrapper/BootstrapMainStarter;)V+14
j  org.gradle.wrapper.GradleWrapperMain.main([Ljava/lang/String;)V+190
v  ~StubRoutines::call_stub

---------------  P R O C E S S  ---------------

Threads class SMR info:
_java_thread_list=0x000002309f9e3910, length=15, elements={
0x00000230fd3a2ac0, 0x000002309ec3b150, 0x000002309ec3bd00, 0x000002309ec6f960,
0x000002309ec8d2b0, 0x000002309ec8dc60, 0x000002309ec90620, 0x000002309ec913b0,
0x000002309ec91e50, 0x000002309ecae030, 0x000002309ee0b700, 0x000002309ee0fbe0,
0x000002309f96eb70, 0x000002309fabbfe0, 0x000002309fabc4b0
}

Java Threads: ( => current thread )
=>0x00000230fd3a2ac0 JavaThread "main" [_thread_in_vm, id=16116, stack(0x0000009bab200000,0x0000009bab300000)]
  0x000002309ec3b150 JavaThread "Reference Handler" daemon [_thread_blocked, id=2596, stack(0x0000009bab900000,0x0000009baba00000)]
  0x000002309ec3bd00 JavaThread "Finalizer" daemon [_thread_blocked, id=7328, stack(0x0000009baba00000,0x0000009babb00000)]
  0x000002309ec6f960 JavaThread "Signal Dispatcher" daemon [_thread_blocked, id=12144, stack(0x0000009babb00000,0x0000009babc00000)]
  0x000002309ec8d2b0 JavaThread "Attach Listener" daemon [_thread_blocked, id=14776, stack(0x0000009babc00000,0x0000009babd00000)]
  0x000002309ec8dc60 JavaThread "Service Thread" daemon [_thread_blocked, id=11424, stack(0x0000009babd00000,0x0000009babe00000)]
  0x000002309ec90620 JavaThread "Monitor Deflation Thread" daemon [_thread_blocked, id=20468, stack(0x0000009babe00000,0x0000009babf00000)]
  0x000002309ec913b0 JavaThread "C2 CompilerThread0" daemon [_thread_blocked, id=13272, stack(0x0000009babf00000,0x0000009bac000000)]
  0x000002309ec91e50 JavaThread "C1 CompilerThread0" daemon [_thread_blocked, id=17720, stack(0x0000009bac000000,0x0000009bac100000)]
  0x000002309ecae030 JavaThread "Sweeper thread" daemon [_thread_blocked, id=20004, stack(0x0000009bac100000,0x0000009bac200000)]
  0x000002309ee0b700 JavaThread "Notification Thread" daemon [_thread_blocked, id=4596, stack(0x0000009bac200000,0x0000009bac300000)]
  0x000002309ee0fbe0 JavaThread "Common-Cleaner" daemon [_thread_blocked, id=17316, stack(0x0000009bac400000,0x0000009bac500000)]
  0x000002309f96eb70 JavaThread "pool-1-thread-1" [_thread_blocked, id=7888, stack(0x0000009bacb00000,0x0000009bacc00000)]
  0x000002309fabbfe0 JavaThread "DisconnectableInputStream source reader" daemon [_thread_in_native, id=18036, stack(0x0000009bacd00000,0x0000009bace00000)]
  0x000002309fabc4b0 JavaThread "Forward input" [_thread_blocked, id=3332, stack(0x0000009bace00000,0x0000009bacf00000)]

Other Threads:
  0x00000230ffdad490 VMThread "VM Thread" [stack: 0x0000009bab800000,0x0000009bab900000] [id=17008]
  0x00000230fd42c190 WatcherThread [stack: 0x0000009bac300000,0x0000009bac400000] [id=9576]
  0x00000230fd4187a0 GCTaskThread "GC Thread#0" [stack: 0x0000009bab300000,0x0000009bab400000] [id=20848]
  0x000002309f7c43e0 GCTaskThread "GC Thread#1" [stack: 0x0000009bac500000,0x0000009bac600000] [id=17140]
  0x000002309f7c4690 GCTaskThread "GC Thread#2" [stack: 0x0000009bac600000,0x0000009bac700000] [id=14876]
  0x000002309f7c4940 GCTaskThread "GC Thread#3" [stack: 0x0000009bac700000,0x0000009bac800000] [id=13052]
  0x000002309f7c4bf0 GCTaskThread "GC Thread#4" [stack: 0x0000009bac800000,0x0000009bac900000] [id=8916]
  0x000002309f0d3930 GCTaskThread "GC Thread#5" [stack: 0x0000009bac900000,0x0000009baca00000] [id=19688]
  0x000002309f0d3be0 GCTaskThread "GC Thread#6" [stack: 0x0000009baca00000,0x0000009bacb00000] [id=19596]
  0x00000230fd423530 ConcurrentGCThread "G1 Main Marker" [stack: 0x0000009bab400000,0x0000009bab500000] [id=3108]
  0x00000230fd424f50 ConcurrentGCThread "G1 Conc#0" [stack: 0x0000009bab500000,0x0000009bab600000] [id=20792]
  0x00000230ffc662e0 ConcurrentGCThread "G1 Refine#0" [stack: 0x0000009bab600000,0x0000009bab700000] [id=9996]
  0x00000230fd459610 ConcurrentGCThread "G1 Service" [stack: 0x0000009bab700000,0x0000009bab800000] [id=21200]

Threads with active compile tasks:

VM state: not at safepoint (normal execution)

VM Mutex/Monitor currently owned by a thread:  ([mutex/lock_event])
[0x00000230fd3a18e0] Metaspace_lock - owner thread: 0x00000230fd3a2ac0

Heap address: 0x00000006c3400000, size: 5068 MB, Compressed Oops mode: Zero based, Oop shift amount: 3

CDS archive(s) not mapped
Compressed class space mapped at: 0x0000000800000000-0x0000000840000000, reserved size: 1073741824
Narrow klass base: 0x0000000800000000, Narrow klass shift: 0, Narrow klass range: 0x40000000

GC Precious Log:
 CPUs: 8 total, 8 available
 Memory: 20259M
 Large Page Support: Disabled
 NUMA Support: Disabled
 Compressed Oops: Enabled (Zero based)
 Heap Region Size: 4M
 Heap Min Capacity: 8M
 Heap Initial Capacity: 320M
 Heap Max Capacity: 5068M
 Pre-touch: Disabled
 Parallel Workers: 8
 Concurrent Workers: 2
 Concurrent Refinement Workers: 8
 Periodic GC: Disabled

Heap:
 garbage-first heap   total 327680K, used 22367K [0x00000006c3400000, 0x0000000800000000)
  region size 4096K, 5 young (20480K), 1 survivors (4096K)
 Metaspace       used 16062K, committed 16256K, reserved 1064960K
  class space    used 1878K, committed 1984K, reserved 1048576K

Heap Regions: E=young(eden), S=young(survivor), O=old, HS=humongous(starts), HC=humongous(continues), CS=collection set, F=free, OA=open archive, CA=closed archive, TAMS=top-at-mark-start (previous, next)
|   0|0x00000006c3400000, 0x00000006c3400000, 0x00000006c3800000|  0%| F|  |TAMS 0x00000006c3400000, 0x00000006c3400000| Untracked 
|   1|0x00000006c3800000, 0x00000006c3c00000, 0x00000006c3c00000|100%|HS|  |TAMS 0x00000006c3800000, 0x00000006c3800000| Complete 
|   2|0x00000006c3c00000, 0x00000006c3dd7c00, 0x00000006c4000000| 46%| O|  |TAMS 0x00000006c3c00000, 0x00000006c3c00000| Untracked 
|   3|0x00000006c4000000, 0x00000006c4000000, 0x00000006c4400000|  0%| F|  |TAMS 0x00000006c4000000, 0x00000006c4000000| Untracked 
|   4|0x00000006c4400000, 0x00000006c4400000, 0x00000006c4800000|  0%| F|  |TAMS 0x00000006c4400000, 0x00000006c4400000| Untracked 
|   5|0x00000006c4800000, 0x00000006c4800000, 0x00000006c4c00000|  0%| F|  |TAMS 0x00000006c4800000, 0x00000006c4800000| Untracked 
|   6|0x00000006c4c00000, 0x00000006c4c00000, 0x00000006c5000000|  0%| F|  |TAMS 0x00000006c4c00000, 0x00000006c4c00000| Untracked 
|   7|0x00000006c5000000, 0x00000006c5000000, 0x00000006c5400000|  0%| F|  |TAMS 0x00000006c5000000, 0x00000006c5000000| Untracked 
|   8|0x00000006c5400000, 0x00000006c5400000, 0x00000006c5800000|  0%| F|  |TAMS 0x00000006c5400000, 0x00000006c5400000| Untracked 
|   9|0x00000006c5800000, 0x00000006c5800000, 0x00000006c5c00000|  0%| F|  |TAMS 0x00000006c5800000, 0x00000006c5800000| Untracked 
|  10|0x00000006c5c00000, 0x00000006c5c00000, 0x00000006c6000000|  0%| F|  |TAMS 0x00000006c5c00000, 0x00000006c5c00000| Untracked 
|  11|0x00000006c6000000, 0x00000006c6000000, 0x00000006c6400000|  0%| F|  |TAMS 0x00000006c6000000, 0x00000006c6000000| Untracked 
|  12|0x00000006c6400000, 0x00000006c6400000, 0x00000006c6800000|  0%| F|  |TAMS 0x00000006c6400000, 0x00000006c6400000| Untracked 
|  13|0x00000006c6800000, 0x00000006c6800000, 0x00000006c6c00000|  0%| F|  |TAMS 0x00000006c6800000, 0x00000006c6800000| Untracked 
|  14|0x00000006c6c00000, 0x00000006c6c00000, 0x00000006c7000000|  0%| F|  |TAMS 0x00000006c6c00000, 0x00000006c6c00000| Untracked 
|  15|0x00000006c7000000, 0x00000006c7000000, 0x00000006c7400000|  0%| F|  |TAMS 0x00000006c7000000, 0x00000006c7000000| Untracked 
|  16|0x00000006c7400000, 0x00000006c7400000, 0x00000006c7800000|  0%| F|  |TAMS 0x00000006c7400000, 0x00000006c7400000| Untracked 
|  17|0x00000006c7800000, 0x00000006c7800000, 0x00000006c7c00000|  0%| F|  |TAMS 0x00000006c7800000, 0x00000006c7800000| Untracked 
|  18|0x00000006c7c00000, 0x00000006c7c00000, 0x00000006c8000000|  0%| F|  |TAMS 0x00000006c7c00000, 0x00000006c7c00000| Untracked 
|  19|0x00000006c8000000, 0x00000006c8000000, 0x00000006c8400000|  0%| F|  |TAMS 0x00000006c8000000, 0x00000006c8000000| Untracked 
|  20|0x00000006c8400000, 0x00000006c8400000, 0x00000006c8800000|  0%| F|  |TAMS 0x00000006c8400000, 0x00000006c8400000| Untracked 
|  21|0x00000006c8800000, 0x00000006c8800000, 0x00000006c8c00000|  0%| F|  |TAMS 0x00000006c8800000, 0x00000006c8800000| Untracked 
|  22|0x00000006c8c00000, 0x00000006c8c00000, 0x00000006c9000000|  0%| F|  |TAMS 0x00000006c8c00000, 0x00000006c8c00000| Untracked 
|  23|0x00000006c9000000, 0x00000006c9000000, 0x00000006c9400000|  0%| F|  |TAMS 0x00000006c9000000, 0x00000006c9000000| Untracked 
|  24|0x00000006c9400000, 0x00000006c9400000, 0x00000006c9800000|  0%| F|  |TAMS 0x00000006c9400000, 0x00000006c9400000| Untracked 
|  25|0x00000006c9800000, 0x00000006c9800000, 0x00000006c9c00000|  0%| F|  |TAMS 0x00000006c9800000, 0x00000006c9800000| Untracked 
|  26|0x00000006c9c00000, 0x00000006c9c00000, 0x00000006ca000000|  0%| F|  |TAMS 0x00000006c9c00000, 0x00000006c9c00000| Untracked 
|  27|0x00000006ca000000, 0x00000006ca000000, 0x00000006ca400000|  0%| F|  |TAMS 0x00000006ca000000, 0x00000006ca000000| Untracked 
|  28|0x00000006ca400000, 0x00000006ca400000, 0x00000006ca800000|  0%| F|  |TAMS 0x00000006ca400000, 0x00000006ca400000| Untracked 
|  29|0x00000006ca800000, 0x00000006ca800000, 0x00000006cac00000|  0%| F|  |TAMS 0x00000006ca800000, 0x00000006ca800000| Untracked 
|  30|0x00000006cac00000, 0x00000006cac00000, 0x00000006cb000000|  0%| F|  |TAMS 0x00000006cac00000, 0x00000006cac00000| Untracked 
|  31|0x00000006cb000000, 0x00000006cb000000, 0x00000006cb400000|  0%| F|  |TAMS 0x00000006cb000000, 0x00000006cb000000| Untracked 
|  32|0x00000006cb400000, 0x00000006cb400000, 0x00000006cb800000|  0%| F|  |TAMS 0x00000006cb400000, 0x00000006cb400000| Untracked 
|  33|0x00000006cb800000, 0x00000006cb800000, 0x00000006cbc00000|  0%| F|  |TAMS 0x00000006cb800000, 0x00000006cb800000| Untracked 
|  34|0x00000006cbc00000, 0x00000006cbc00000, 0x00000006cc000000|  0%| F|  |TAMS 0x00000006cbc00000, 0x00000006cbc00000| Untracked 
|  35|0x00000006cc000000, 0x00000006cc000000, 0x00000006cc400000|  0%| F|  |TAMS 0x00000006cc000000, 0x00000006cc000000| Untracked 
|  36|0x00000006cc400000, 0x00000006cc400000, 0x00000006cc800000|  0%| F|  |TAMS 0x00000006cc400000, 0x00000006cc400000| Untracked 
|  37|0x00000006cc800000, 0x00000006cc800000, 0x00000006ccc00000|  0%| F|  |TAMS 0x00000006cc800000, 0x00000006cc800000| Untracked 
|  38|0x00000006ccc00000, 0x00000006ccc00000, 0x00000006cd000000|  0%| F|  |TAMS 0x00000006ccc00000, 0x00000006ccc00000| Untracked 
|  39|0x00000006cd000000, 0x00000006cd000000, 0x00000006cd400000|  0%| F|  |TAMS 0x00000006cd000000, 0x00000006cd000000| Untracked 
|  40|0x00000006cd400000, 0x00000006cd400000, 0x00000006cd800000|  0%| F|  |TAMS 0x00000006cd400000, 0x00000006cd400000| Untracked 
|  41|0x00000006cd800000, 0x00000006cd800000, 0x00000006cdc00000|  0%| F|  |TAMS 0x00000006cd800000, 0x00000006cd800000| Untracked 
|  42|0x00000006cdc00000, 0x00000006cdc00000, 0x00000006ce000000|  0%| F|  |TAMS 0x00000006cdc00000, 0x00000006cdc00000| Untracked 
|  43|0x00000006ce000000, 0x00000006ce000000, 0x00000006ce400000|  0%| F|  |TAMS 0x00000006ce000000, 0x00000006ce000000| Untracked 
|  44|0x00000006ce400000, 0x00000006ce400000, 0x00000006ce800000|  0%| F|  |TAMS 0x00000006ce400000, 0x00000006ce400000| Untracked 
|  45|0x00000006ce800000, 0x00000006ce800000, 0x00000006cec00000|  0%| F|  |TAMS 0x00000006ce800000, 0x00000006ce800000| Untracked 
|  46|0x00000006cec00000, 0x00000006cec00000, 0x00000006cf000000|  0%| F|  |TAMS 0x00000006cec00000, 0x00000006cec00000| Untracked 
|  47|0x00000006cf000000, 0x00000006cf000000, 0x00000006cf400000|  0%| F|  |TAMS 0x00000006cf000000, 0x00000006cf000000| Untracked 
|  48|0x00000006cf400000, 0x00000006cf400000, 0x00000006cf800000|  0%| F|  |TAMS 0x00000006cf400000, 0x00000006cf400000| Untracked 
|  49|0x00000006cf800000, 0x00000006cf800000, 0x00000006cfc00000|  0%| F|  |TAMS 0x00000006cf800000, 0x00000006cf800000| Untracked 
|  50|0x00000006cfc00000, 0x00000006cfc00000, 0x00000006d0000000|  0%| F|  |TAMS 0x00000006cfc00000, 0x00000006cfc00000| Untracked 
|  51|0x00000006d0000000, 0x00000006d0000000, 0x00000006d0400000|  0%| F|  |TAMS 0x00000006d0000000, 0x00000006d0000000| Untracked 
|  52|0x00000006d0400000, 0x00000006d0400000, 0x00000006d0800000|  0%| F|  |TAMS 0x00000006d0400000, 0x00000006d0400000| Untracked 
|  53|0x00000006d0800000, 0x00000006d0800000, 0x00000006d0c00000|  0%| F|  |TAMS 0x00000006d0800000, 0x00000006d0800000| Untracked 
|  54|0x00000006d0c00000, 0x00000006d0c00000, 0x00000006d1000000|  0%| F|  |TAMS 0x00000006d0c00000, 0x00000006d0c00000| Untracked 
|  55|0x00000006d1000000, 0x00000006d1000000, 0x00000006d1400000|  0%| F|  |TAMS 0x00000006d1000000, 0x00000006d1000000| Untracked 
|  56|0x00000006d1400000, 0x00000006d1400000, 0x00000006d1800000|  0%| F|  |TAMS 0x00000006d1400000, 0x00000006d1400000| Untracked 
|  57|0x00000006d1800000, 0x00000006d1800000, 0x00000006d1c00000|  0%| F|  |TAMS 0x00000006d1800000, 0x00000006d1800000| Untracked 
|  58|0x00000006d1c00000, 0x00000006d1c00000, 0x00000006d2000000|  0%| F|  |TAMS 0x00000006d1c00000, 0x00000006d1c00000| Untracked 
|  59|0x00000006d2000000, 0x00000006d2000000, 0x00000006d2400000|  0%| F|  |TAMS 0x00000006d2000000, 0x00000006d2000000| Untracked 
|  60|0x00000006d2400000, 0x00000006d2400000, 0x00000006d2800000|  0%| F|  |TAMS 0x00000006d2400000, 0x00000006d2400000| Untracked 
|  61|0x00000006d2800000, 0x00000006d2800000, 0x00000006d2c00000|  0%| F|  |TAMS 0x00000006d2800000, 0x00000006d2800000| Untracked 
|  62|0x00000006d2c00000, 0x00000006d2c00000, 0x00000006d3000000|  0%| F|  |TAMS 0x00000006d2c00000, 0x00000006d2c00000| Untracked 
|  63|0x00000006d3000000, 0x00000006d3000000, 0x00000006d3400000|  0%| F|  |TAMS 0x00000006d3000000, 0x00000006d3000000| Untracked 
|  64|0x00000006d3400000, 0x00000006d3400000, 0x00000006d3800000|  0%| F|  |TAMS 0x00000006d3400000, 0x00000006d3400000| Untracked 
|  65|0x00000006d3800000, 0x00000006d3800000, 0x00000006d3c00000|  0%| F|  |TAMS 0x00000006d3800000, 0x00000006d3800000| Untracked 
|  66|0x00000006d3c00000, 0x00000006d3c00000, 0x00000006d4000000|  0%| F|  |TAMS 0x00000006d3c00000, 0x00000006d3c00000| Untracked 
|  67|0x00000006d4000000, 0x00000006d4000000, 0x00000006d4400000|  0%| F|  |TAMS 0x00000006d4000000, 0x00000006d4000000| Untracked 
|  68|0x00000006d4400000, 0x00000006d4400000, 0x00000006d4800000|  0%| F|  |TAMS 0x00000006d4400000, 0x00000006d4400000| Untracked 
|  69|0x00000006d4800000, 0x00000006d4800000, 0x00000006d4c00000|  0%| F|  |TAMS 0x00000006d4800000, 0x00000006d4800000| Untracked 
|  70|0x00000006d4c00000, 0x00000006d4c00000, 0x00000006d5000000|  0%| F|  |TAMS 0x00000006d4c00000, 0x00000006d4c00000| Untracked 
|  71|0x00000006d5000000, 0x00000006d5000000, 0x00000006d5400000|  0%| F|  |TAMS 0x00000006d5000000, 0x00000006d5000000| Untracked 
|  72|0x00000006d5400000, 0x00000006d5400000, 0x00000006d5800000|  0%| F|  |TAMS 0x00000006d5400000, 0x00000006d5400000| Untracked 
|  73|0x00000006d5800000, 0x00000006d5800000, 0x00000006d5c00000|  0%| F|  |TAMS 0x00000006d5800000, 0x00000006d5800000| Untracked 
|  74|0x00000006d5c00000, 0x00000006d6000000, 0x00000006d6000000|100%| S|CS|TAMS 0x00000006d5c00000, 0x00000006d5c00000| Complete 
|  75|0x00000006d6000000, 0x00000006d6000000, 0x00000006d6400000|  0%| F|  |TAMS 0x00000006d6000000, 0x00000006d6000000| Untracked 
|  76|0x00000006d6400000, 0x00000006d6800000, 0x00000006d6800000|100%| E|  |TAMS 0x00000006d6400000, 0x00000006d6400000| Complete 
|  77|0x00000006d6800000, 0x00000006d6c00000, 0x00000006d6c00000|100%| E|CS|TAMS 0x00000006d6800000, 0x00000006d6800000| Complete 
|  78|0x00000006d6c00000, 0x00000006d7000000, 0x00000006d7000000|100%| E|CS|TAMS 0x00000006d6c00000, 0x00000006d6c00000| Complete 
|  79|0x00000006d7000000, 0x00000006d7400000, 0x00000006d7400000|100%| E|CS|TAMS 0x00000006d7000000, 0x00000006d7000000| Complete 

Card table byte_map: [0x00000230fe180000,0x00000230feb70000] _byte_map_base: 0x00000230fab66000

Marking Bits (Prev, Next): (CMBitMap*) 0x00000230fd418db0, (CMBitMap*) 0x00000230fd418df0
 Prev Bits: [0x0000023092400000, 0x0000023097330000)
 Next Bits: [0x0000023097330000, 0x000002309c260000)

Polling page: 0x00000230fb370000

Metaspace:

Usage:
  Non-class:     13.85 MB used.
      Class:      1.83 MB used.
       Both:     15.69 MB used.

Virtual space:
  Non-class space:       16.00 MB reserved,      13.94 MB ( 87%) committed,  2 nodes.
      Class space:        1.00 GB reserved,       1.94 MB ( <1%) committed,  1 nodes.
             Both:        1.02 GB reserved,      15.88 MB (  2%) committed. 

Chunk freelists:
   Non-Class:  2.03 MB
       Class:  2.05 MB
        Both:  4.08 MB

MaxMetaspaceSize: unlimited
CompressedClassSpaceSize: 1.00 GB
Initial GC threshold: 21.00 MB
Current GC threshold: 21.00 MB
CDS: off
MetaspaceReclaimPolicy: balanced
 - commit_granule_bytes: 65536.
 - commit_granule_words: 8192.
 - virtual_space_node_default_size: 1048576.
 - enlarge_chunks_in_place: 1.
 - new_chunks_are_fully_committed: 0.
 - uncommit_free_chunks: 1.
 - use_allocation_guard: 0.
 - handle_deallocations: 1.


Internal statistics:

num_allocs_failed_limit: 0.
num_arena_births: 76.
num_arena_deaths: 0.
num_vsnodes_births: 3.
num_vsnodes_deaths: 0.
num_space_committed: 254.
num_space_uncommitted: 0.
num_chunks_returned_to_freelist: 0.
num_chunks_taken_from_freelist: 291.
num_chunk_merges: 0.
num_chunk_splits: 192.
num_chunks_enlarged: 164.
num_purges: 0.
num_inconsistent_stats: 0.

CodeHeap 'non-profiled nmethods': size=120000Kb used=454Kb max_used=454Kb free=119545Kb
 bounds [0x000002308aed0000, 0x000002308b140000, 0x0000023092400000]
CodeHeap 'profiled nmethods': size=120000Kb used=2249Kb max_used=2249Kb free=117750Kb
 bounds [0x0000023083400000, 0x0000023083670000, 0x000002308a930000]
CodeHeap 'non-nmethods': size=5760Kb used=1174Kb max_used=1189Kb free=4585Kb
 bounds [0x000002308a930000, 0x000002308aba0000, 0x000002308aed0000]
 total_blobs=1648 nmethods=1190 adapters=371
 compilation: enabled
              stopped_count=0, restarted_count=0
 full_count=0

Compilation events (20 events):
Event: 4.674 Thread 0x000002309ec91e50 nmethod 1181 0x0000023083629a90 code [0x0000023083629ee0, 0x000002308362caf8]
Event: 4.674 Thread 0x000002309ec91e50 1182       3       java.lang.invoke.VarHandleByteArrayAsInts$ArrayHandle::set (39 bytes)
Event: 4.674 Thread 0x000002309ec91e50 nmethod 1182 0x000002308362d710 code [0x000002308362d900, 0x000002308362de38]
Event: 4.679 Thread 0x000002309ec91e50 1184       3       java.lang.reflect.Modifier::isFinal (13 bytes)
Event: 4.679 Thread 0x000002309ec91e50 nmethod 1184 0x000002308362e010 code [0x000002308362e1a0, 0x000002308362e2f8]
Event: 4.682 Thread 0x000002309ec913b0 nmethod 1169% 0x000002308af3f910 code [0x000002308af3fae0, 0x000002308af40ea8]
Event: 4.682 Thread 0x000002309ec913b0 1179   !   4       java.nio.DirectByteBuffer::get (34 bytes)
Event: 4.685 Thread 0x000002309ec913b0 nmethod 1179 0x000002308af41690 code [0x000002308af41820, 0x000002308af41938]
Event: 4.694 Thread 0x000002309ec91e50 1185       3       java.lang.Long::<init> (10 bytes)
Event: 4.694 Thread 0x000002309ec91e50 nmethod 1185 0x000002308362e390 code [0x000002308362e540, 0x000002308362e718]
Event: 4.695 Thread 0x000002309ec91e50 1186       3       com.esotericsoftware.kryo.io.Output::writeString (125 bytes)
Event: 4.696 Thread 0x000002309ec91e50 nmethod 1186 0x000002308362e810 code [0x000002308362ea20, 0x000002308362f098]
Event: 4.696 Thread 0x000002309ec91e50 1187       3       com.esotericsoftware.kryo.io.Output::require (209 bytes)
Event: 4.697 Thread 0x000002309ec91e50 nmethod 1187 0x000002308362f290 code [0x000002308362f560, 0x000002308362ffd8]
Event: 4.697 Thread 0x000002309ec91e50 1188       3       org.gradle.internal.serialize.kryo.KryoBackedEncoder::writeString (23 bytes)
Event: 4.697 Thread 0x000002309ec91e50 nmethod 1188 0x0000023083630390 code [0x0000023083630540, 0x0000023083630798]
Event: 4.714 Thread 0x000002309ec91e50 1189       3       java.lang.invoke.MethodHandles$Lookup::checkSymbolicClass (25 bytes)
Event: 4.714 Thread 0x000002309ec91e50 nmethod 1189 0x0000023083630890 code [0x0000023083630a60, 0x0000023083630cc8]
Event: 4.714 Thread 0x000002309ec91e50 1190       3       java.lang.invoke.MethodHandles$Lookup::checkAccess (232 bytes)
Event: 4.716 Thread 0x000002309ec91e50 nmethod 1190 0x0000023083630e10 code [0x0000023083631100, 0x00000230836321b8]

GC Heap History (2 events):
Event: 2.104 GC heap before
{Heap before GC invocations=0 (full 0):
 garbage-first heap   total 327680K, used 28672K [0x00000006c3400000, 0x0000000800000000)
  region size 4096K, 5 young (20480K), 0 survivors (0K)
 Metaspace       used 10309K, committed 10496K, reserved 1064960K
  class space    used 1012K, committed 1088K, reserved 1048576K
}
Event: 2.112 GC heap after
{Heap after GC invocations=1 (full 0):
 garbage-first heap   total 327680K, used 10079K [0x00000006c3400000, 0x0000000800000000)
  region size 4096K, 1 young (4096K), 1 survivors (4096K)
 Metaspace       used 10309K, committed 10496K, reserved 1064960K
  class space    used 1012K, committed 1088K, reserved 1048576K
}

Dll operation events (2 events):
Event: 0.009 Loaded shared library C:\Program Files\Android\Android Studio\jbr\bin\java.dll
Event: 0.161 Loaded shared library C:\Program Files\Android\Android Studio\jbr\bin\verify.dll

Deoptimization events (20 events):
Event: 4.589 Thread 0x00000230fd3a2ac0 Uncommon trap: trap_request=0xffffff45 fr.pc=0x000002308af0d078 relative=0x00000000000006b8
Event: 4.589 Thread 0x00000230fd3a2ac0 Uncommon trap: reason=unstable_if action=reinterpret pc=0x000002308af0d078 method=java.lang.AbstractStringBuilder.append(Ljava/lang/String;)Ljava/lang/AbstractStringBuilder; @ 1 c2
Event: 4.589 Thread 0x00000230fd3a2ac0 DEOPT PACKING pc=0x000002308af0d078 sp=0x0000009bab2fc630
Event: 4.589 Thread 0x00000230fd3a2ac0 DEOPT UNPACKING pc=0x000002308a98a1a3 sp=0x0000009bab2fc618 mode 2
Event: 4.628 Thread 0x00000230fd3a2ac0 Uncommon trap: trap_request=0xffffffc6 fr.pc=0x000002308af0727c relative=0x00000000000011dc
Event: 4.628 Thread 0x00000230fd3a2ac0 Uncommon trap: reason=bimorphic_or_optimized_type_check action=maybe_recompile pc=0x000002308af0727c method=java.util.HashMap.putVal(ILjava/lang/Object;Ljava/lang/Object;ZZ)Ljava/lang/Object; @ 203 c2
Event: 4.628 Thread 0x00000230fd3a2ac0 DEOPT PACKING pc=0x000002308af0727c sp=0x0000009bab2f99f0
Event: 4.628 Thread 0x00000230fd3a2ac0 DEOPT UNPACKING pc=0x000002308a98a1a3 sp=0x0000009bab2f9938 mode 2
Event: 4.628 Thread 0x00000230fd3a2ac0 Uncommon trap: trap_request=0xffffffc6 fr.pc=0x000002308af0727c relative=0x00000000000011dc
Event: 4.628 Thread 0x00000230fd3a2ac0 Uncommon trap: reason=bimorphic_or_optimized_type_check action=maybe_recompile pc=0x000002308af0727c method=java.util.HashMap.putVal(ILjava/lang/Object;Ljava/lang/Object;ZZ)Ljava/lang/Object; @ 203 c2
Event: 4.628 Thread 0x00000230fd3a2ac0 DEOPT PACKING pc=0x000002308af0727c sp=0x0000009bab2f99f0
Event: 4.628 Thread 0x00000230fd3a2ac0 DEOPT UNPACKING pc=0x000002308a98a1a3 sp=0x0000009bab2f9938 mode 2
Event: 4.629 Thread 0x00000230fd3a2ac0 Uncommon trap: trap_request=0xffffffc6 fr.pc=0x000002308af0727c relative=0x00000000000011dc
Event: 4.629 Thread 0x00000230fd3a2ac0 Uncommon trap: reason=bimorphic_or_optimized_type_check action=maybe_recompile pc=0x000002308af0727c method=java.util.HashMap.putVal(ILjava/lang/Object;Ljava/lang/Object;ZZ)Ljava/lang/Object; @ 203 c2
Event: 4.629 Thread 0x00000230fd3a2ac0 DEOPT PACKING pc=0x000002308af0727c sp=0x0000009bab2f99f0
Event: 4.629 Thread 0x00000230fd3a2ac0 DEOPT UNPACKING pc=0x000002308a98a1a3 sp=0x0000009bab2f9938 mode 2
Event: 4.631 Thread 0x00000230fd3a2ac0 Uncommon trap: trap_request=0xffffffc6 fr.pc=0x000002308af0727c relative=0x00000000000011dc
Event: 4.631 Thread 0x00000230fd3a2ac0 Uncommon trap: reason=bimorphic_or_optimized_type_check action=maybe_recompile pc=0x000002308af0727c method=java.util.HashMap.putVal(ILjava/lang/Object;Ljava/lang/Object;ZZ)Ljava/lang/Object; @ 203 c2
Event: 4.631 Thread 0x00000230fd3a2ac0 DEOPT PACKING pc=0x000002308af0727c sp=0x0000009bab2f99f0
Event: 4.631 Thread 0x00000230fd3a2ac0 DEOPT UNPACKING pc=0x000002308a98a1a3 sp=0x0000009bab2f9938 mode 2

Classes unloaded (0 events):
No events

Classes redefined (0 events):
No events

Internal exceptions (20 events):
Event: 0.575 Thread 0x00000230fd3a2ac0 Exception <a 'java/lang/NoSuchMethodError'{0x00000006d736b4f8}: 'int java.lang.invoke.DirectMethodHandle$Holder.invokeStaticInit(java.lang.Object, java.lang.Object)'> (0x00000006d736b4f8) 
thrown [s\src\hotspot\share\interpreter\linkResolver.cpp, line 771]
Event: 2.239 Thread 0x00000230fd3a2ac0 Exception <a 'java/lang/NoSuchMethodError'{0x00000006d70e8018}: 'void java.lang.invoke.DirectMethodHandle$Holder.invokeStatic(java.lang.Object, java.lang.Object)'> (0x00000006d70e8018) 
thrown [s\src\hotspot\share\interpreter\linkResolver.cpp, line 771]
Event: 2.322 Thread 0x00000230fd3a2ac0 Exception <a 'java/lang/NoClassDefFoundError'{0x00000006d7198130}: org/slf4j/impl/StaticMarkerBinder> (0x00000006d7198130) 
thrown [s\src\hotspot\share\classfile\systemDictionary.cpp, line 245]
Event: 2.372 Thread 0x00000230fd3a2ac0 Exception <a 'java/lang/NoSuchMethodError'{0x00000006d72340d0}: 'java.lang.Object java.lang.invoke.DirectMethodHandle$Holder.invokeVirtual(java.lang.Object, java.lang.Object, java.lang.Object, java.lang.Object, java.lang.Object, java.lang.Object, java.lang.Object)'> (0x00000006d72340d0) 
thrown [s\src\hotspot\share\interpreter\linkResolver.cpp, line 771]
Event: 2.376 Thread 0x00000230fd3a2ac0 Exception <a 'java/lang/NoSuchMethodError'{0x00000006d7245690}: 'java.lang.Object java.lang.invoke.Invokers$Holder.invoker(java.lang.Object, java.lang.Object, java.lang.Object)'> (0x00000006d7245690) 
thrown [s\src\hotspot\share\interpreter\linkResolver.cpp, line 771]
Event: 2.388 Thread 0x00000230fd3a2ac0 Exception <a 'java/lang/NoSuchMethodError'{0x00000006d724e840}: 'java.lang.Object java.lang.invoke.DirectMethodHandle$Holder.invokeStatic(java.lang.Object, java.lang.Object, int)'> (0x00000006d724e840) 
thrown [s\src\hotspot\share\interpreter\linkResolver.cpp, line 771]
Event: 2.390 Thread 0x00000230fd3a2ac0 Exception <a 'java/lang/NoSuchMethodError'{0x00000006d725a530}: 'void java.lang.invoke.DelegatingMethodHandle$Holder.delegate(java.lang.Object, java.lang.Object, int, java.lang.Object)'> (0x00000006d725a530) 
thrown [s\src\hotspot\share\interpreter\linkResolver.cpp, line 771]
Event: 2.392 Thread 0x00000230fd3a2ac0 Exception <a 'java/lang/NoSuchMethodError'{0x00000006d725e6f8}: 'int java.lang.invoke.DirectMethodHandle$Holder.invokeSpecial(java.lang.Object, java.lang.Object, java.lang.Object)'> (0x00000006d725e6f8) 
thrown [s\src\hotspot\share\interpreter\linkResolver.cpp, line 771]
Event: 2.406 Thread 0x00000230fd3a2ac0 Exception <a 'java/lang/NoSuchMethodError'{0x00000006d7271af0}: 'java.lang.Object java.lang.invoke.Invokers$Holder.invokeExact_MT(java.lang.Object, java.lang.Object, java.lang.Object, java.lang.Object)'> (0x00000006d7271af0) 
thrown [s\src\hotspot\share\interpreter\linkResolver.cpp, line 771]
Event: 2.818 Thread 0x00000230fd3a2ac0 Exception <a 'java/lang/NoSuchMethodError'{0x00000006d6e70e88}: 'java.lang.Object java.lang.invoke.DirectMethodHandle$Holder.invokeInterface(java.lang.Object, java.lang.Object, java.lang.Object)'> (0x00000006d6e70e88) 
thrown [s\src\hotspot\share\interpreter\linkResolver.cpp, line 771]
Event: 2.839 Thread 0x00000230fd3a2ac0 Exception <a 'java/lang/NoSuchMethodError'{0x00000006d6e927f8}: 'void java.lang.invoke.DirectMethodHandle$Holder.invokeSpecial(java.lang.Object, java.lang.Object, java.lang.Object)'> (0x00000006d6e927f8) 
thrown [s\src\hotspot\share\interpreter\linkResolver.cpp, line 771]
Event: 2.903 Thread 0x00000230fd3a2ac0 Implicit null exception at 0x000002308af1df8f to 0x000002308af1e3ec
Event: 2.904 Thread 0x00000230fd3a2ac0 Implicit null exception at 0x000002308af0f78f to 0x000002308af0fbc8
Event: 2.904 Thread 0x00000230fd3a2ac0 Implicit null exception at 0x000002308af07c0f to 0x000002308af07c89
Event: 3.024 Thread 0x00000230fd3a2ac0 Exception <a 'java/lang/NoSuchMethodError'{0x00000006d682fa28}: 'java.lang.Object java.lang.invoke.DirectMethodHandle$Holder.invokeStaticInit(java.lang.Object)'> (0x00000006d682fa28) 
thrown [s\src\hotspot\share\interpreter\linkResolver.cpp, line 771]
Event: 3.715 Thread 0x00000230fd3a2ac0 Exception <a 'java/lang/NoSuchMethodError'{0x00000006d64258c0}: 'java.lang.Object java.lang.invoke.DirectMethodHandle$Holder.invokeStaticInit(java.lang.Object, int, int, int, int)'> (0x00000006d64258c0) 
thrown [s\src\hotspot\share\interpreter\linkResolver.cpp, line 771]
Event: 3.987 Thread 0x00000230fd3a2ac0 Exception <a 'java/lang/NoSuchMethodError'{0x00000006d64cbdd8}: 'java.lang.Object java.lang.invoke.DirectMethodHandle$Holder.invokeStaticInit(java.lang.Object, java.lang.Object, int, int, int, int)'> (0x00000006d64cbdd8) 
thrown [s\src\hotspot\share\interpreter\linkResolver.cpp, line 771]
Event: 4.562 Thread 0x00000230fd3a2ac0 Exception <a 'java/lang/NoSuchMethodError'{0x00000006d64fa1d8}: 'void java.lang.invoke.DirectMethodHandle$Holder.invokeStatic(java.lang.Object, java.lang.Object, java.lang.Object)'> (0x00000006d64fa1d8) 
thrown [s\src\hotspot\share\interpreter\linkResolver.cpp, line 771]
Event: 4.588 Thread 0x00000230fd3a2ac0 Implicit null exception at 0x000002308af0b872 to 0x000002308af0bec4
Event: 4.589 Thread 0x00000230fd3a2ac0 Implicit null exception at 0x000002308af0c9f2 to 0x000002308af0d060

VM Operations (18 events):
Event: 0.153 Executing VM operation: HandshakeAllThreads
Event: 0.153 Executing VM operation: HandshakeAllThreads done
Event: 1.158 Executing VM operation: Cleanup
Event: 1.158 Executing VM operation: Cleanup done
Event: 1.839 Executing VM operation: HandshakeAllThreads
Event: 1.839 Executing VM operation: HandshakeAllThreads done
Event: 2.103 Executing VM operation: G1CollectForAllocation
Event: 2.113 Executing VM operation: G1CollectForAllocation done
Event: 2.386 Executing VM operation: HandshakeAllThreads
Event: 2.386 Executing VM operation: HandshakeAllThreads done
Event: 3.396 Executing VM operation: Cleanup
Event: 3.398 Executing VM operation: Cleanup done
Event: 3.507 Executing VM operation: HandshakeAllThreads
Event: 3.507 Executing VM operation: HandshakeAllThreads done
Event: 3.838 Executing VM operation: HandshakeAllThreads
Event: 3.838 Executing VM operation: HandshakeAllThreads done
Event: 4.835 Executing VM operation: Cleanup
Event: 4.835 Executing VM operation: Cleanup done

Events (20 events):
Event: 4.716 loading class java/util/concurrent/ForkJoinPool$DefaultCommonPoolForkJoinWorkerThreadFactory
Event: 4.717 loading class java/util/concurrent/ForkJoinPool$DefaultCommonPoolForkJoinWorkerThreadFactory done
Event: 4.717 loading class java/util/concurrent/ForkJoinPool$WorkQueue
Event: 4.717 loading class java/util/concurrent/ForkJoinPool$WorkQueue done
Event: 4.717 loading class java/util/concurrent/ForkJoinWorkerThread
Event: 4.717 loading class java/util/concurrent/ForkJoinWorkerThread done
Event: 5.070 loading class jdk/internal/reflect/MethodAccessorGenerator
Event: 5.070 loading class jdk/internal/reflect/AccessorGenerator
Event: 5.070 loading class jdk/internal/reflect/ClassFileConstants
Event: 5.070 loading class jdk/internal/reflect/ClassFileConstants done
Event: 5.070 loading class jdk/internal/reflect/AccessorGenerator done
Event: 5.070 loading class jdk/internal/reflect/MethodAccessorGenerator done
Event: 5.071 loading class jdk/internal/reflect/ByteVectorFactory
Event: 5.071 loading class jdk/internal/reflect/ByteVectorFactory done
Event: 5.071 loading class jdk/internal/reflect/ByteVectorImpl
Event: 5.071 loading class jdk/internal/reflect/ByteVector
Event: 5.071 loading class jdk/internal/reflect/ByteVector done
Event: 5.071 loading class jdk/internal/reflect/ByteVectorImpl done
Event: 5.071 loading class jdk/internal/reflect/ClassFileAssembler
Event: 5.071 loading class jdk/internal/reflect/ClassFileAssembler done


Dynamic libraries:
0x00007ff784420000 - 0x00007ff78442a000 	C:\Program Files\Android\Android Studio\jbr\bin\java.exe
0x00007ffac0010000 - 0x00007ffac0227000 	C:\Windows\SYSTEM32\ntdll.dll
0x00007ffabf870000 - 0x00007ffabf934000 	C:\Windows\System32\KERNEL32.DLL
0x00007ffabd900000 - 0x00007ffabdca6000 	C:\Windows\System32\KERNELBASE.dll
0x00007ffabd510000 - 0x00007ffabd621000 	C:\Windows\System32\ucrtbase.dll
0x00007ffaa8bf0000 - 0x00007ffaa8c0b000 	C:\Program Files\Android\Android Studio\jbr\bin\VCRUNTIME140.dll
0x00007ffaa3f90000 - 0x00007ffaa3fa7000 	C:\Program Files\Android\Android Studio\jbr\bin\jli.dll
0x00007ffabdd60000 - 0x00007ffabdf0e000 	C:\Windows\System32\USER32.dll
0x00007ffabdcb0000 - 0x00007ffabdcd6000 	C:\Windows\System32\win32u.dll
0x00007ffaa0ba0000 - 0x00007ffaa0e33000 	C:\Windows\WinSxS\amd64_microsoft.windows.common-controls_6595b64144ccf1df_6.0.22621.2506_none_270c5ae97388e100\COMCTL32.dll
0x00007ffabe300000 - 0x00007ffabe329000 	C:\Windows\System32\GDI32.dll
0x00007ffabfd00000 - 0x00007ffabfda7000 	C:\Windows\System32\msvcrt.dll
0x00007ffabd350000 - 0x00007ffabd468000 	C:\Windows\System32\gdi32full.dll
0x00007ffabd470000 - 0x00007ffabd50a000 	C:\Windows\System32\msvcp_win.dll
0x00007ffabf940000 - 0x00007ffabf971000 	C:\Windows\System32\IMM32.DLL
0x00007ffab12c0000 - 0x00007ffab12cc000 	C:\Program Files\Android\Android Studio\jbr\bin\vcruntime140_1.dll
0x00007ffa813f0000 - 0x00007ffa8147d000 	C:\Program Files\Android\Android Studio\jbr\bin\msvcp140.dll
0x00007ffa6b100000 - 0x00007ffa6bd6e000 	C:\Program Files\Android\Android Studio\jbr\bin\server\jvm.dll
0x00007ffabf7b0000 - 0x00007ffabf863000 	C:\Windows\System32\ADVAPI32.dll
0x00007ffabfdb0000 - 0x00007ffabfe58000 	C:\Windows\System32\sechost.dll
0x00007ffabd630000 - 0x00007ffabd658000 	C:\Windows\System32\bcrypt.dll
0x00007ffabfa10000 - 0x00007ffabfb27000 	C:\Windows\System32\RPCRT4.dll
0x00007ffab1080000 - 0x00007ffab10b4000 	C:\Windows\SYSTEM32\WINMM.dll
0x00007ffaa2050000 - 0x00007ffaa2059000 	C:\Windows\SYSTEM32\WSOCK32.dll
0x00007ffaafa30000 - 0x00007ffaafa3a000 	C:\Windows\SYSTEM32\VERSION.dll
0x00007ffabfb30000 - 0x00007ffabfba1000 	C:\Windows\System32\WS2_32.dll
0x00007ffabc350000 - 0x00007ffabc368000 	C:\Windows\SYSTEM32\kernel.appcore.dll
0x00007ffaae750000 - 0x00007ffaae75a000 	C:\Program Files\Android\Android Studio\jbr\bin\jimage.dll
0x00007ffabac30000 - 0x00007ffabae63000 	C:\Windows\SYSTEM32\DBGHELP.DLL
0x00007ffabdf10000 - 0x00007ffabe299000 	C:\Windows\System32\combase.dll
0x00007ffabfbc0000 - 0x00007ffabfc97000 	C:\Windows\System32\OLEAUT32.dll
0x00007ffaaf1a0000 - 0x00007ffaaf1d2000 	C:\Windows\SYSTEM32\dbgcore.DLL
0x00007ffabdce0000 - 0x00007ffabdd5a000 	C:\Windows\System32\bcryptPrimitives.dll
0x00007ffaa3ea0000 - 0x00007ffaa3ec5000 	C:\Program Files\Android\Android Studio\jbr\bin\java.dll
0x00007ffaa4600000 - 0x00007ffaa4618000 	C:\Program Files\Android\Android Studio\jbr\bin\zip.dll
0x00007ffabe430000 - 0x00007ffabec8b000 	C:\Windows\System32\SHELL32.dll
0x00007ffabb260000 - 0x00007ffabbb56000 	C:\Windows\SYSTEM32\windows.storage.dll
0x00007ffabb120000 - 0x00007ffabb25e000 	C:\Windows\SYSTEM32\wintypes.dll
0x00007ffabf2b0000 - 0x00007ffabf3a3000 	C:\Windows\System32\SHCORE.dll
0x00007ffabfca0000 - 0x00007ffabfcfe000 	C:\Windows\System32\shlwapi.dll
0x00007ffabd280000 - 0x00007ffabd2a6000 	C:\Windows\SYSTEM32\profapi.dll
0x00007ffaa4510000 - 0x00007ffaa4529000 	C:\Program Files\Android\Android Studio\jbr\bin\net.dll
0x00007ffab4b20000 - 0x00007ffab4c57000 	C:\Windows\SYSTEM32\WINHTTP.dll
0x00007ffabc7c0000 - 0x00007ffabc829000 	C:\Windows\system32\mswsock.dll
0x00007ffaa3e40000 - 0x00007ffaa3e56000 	C:\Program Files\Android\Android Studio\jbr\bin\nio.dll
0x00007ffaae240000 - 0x00007ffaae250000 	C:\Program Files\Android\Android Studio\jbr\bin\verify.dll
0x00007ffa9f7d0000 - 0x00007ffa9f7f7000 	C:\Users\mrahm\.gradle\native\e1d6ef7f7dcc3fd88c89a11ec53ec762bb8ba0a96d01ffa2cd45eb1d1d8dd5c5\windows-amd64\native-platform.dll
0x00007ffaa8e40000 - 0x00007ffaa8e49000 	C:\Program Files\Android\Android Studio\jbr\bin\management.dll
0x00007ffaa89a0000 - 0x00007ffaa89ab000 	C:\Program Files\Android\Android Studio\jbr\bin\management_ext.dll
0x00007ffabe2f0000 - 0x00007ffabe2f8000 	C:\Windows\System32\PSAPI.DLL
0x00007ffabcb80000 - 0x00007ffabcb9b000 	C:\Windows\SYSTEM32\CRYPTSP.dll
0x00007ffabc2b0000 - 0x00007ffabc2e5000 	C:\Windows\system32\rsaenh.dll
0x00007ffabc860000 - 0x00007ffabc88c000 	C:\Windows\SYSTEM32\USERENV.dll
0x00007ffabcaf0000 - 0x00007ffabcafc000 	C:\Windows\SYSTEM32\CRYPTBASE.dll
0x00007ffabbdc0000 - 0x00007ffabbded000 	C:\Windows\SYSTEM32\IPHLPAPI.DLL
0x00007ffabf7a0000 - 0x00007ffabf7a9000 	C:\Windows\System32\NSI.dll
0x00007ffab4330000 - 0x00007ffab4349000 	C:\Windows\SYSTEM32\dhcpcsvc6.DLL
0x00007ffab4310000 - 0x00007ffab432f000 	C:\Windows\SYSTEM32\dhcpcsvc.DLL
0x00007ffabbdf0000 - 0x00007ffabbee9000 	C:\Windows\SYSTEM32\DNSAPI.dll
0x00007ffaa7a40000 - 0x00007ffaa7a48000 	C:\Windows\system32\wshunix.dll

dbghelp: loaded successfully - version: 4.0.5 - missing functions: none
symbol engine: initialized successfully - sym options: 0x614 - pdb path: .;C:\Program Files\Android\Android Studio\jbr\bin;C:\Windows\SYSTEM32;C:\Windows\WinSxS\amd64_microsoft.windows.common-controls_6595b64144ccf1df_6.0.22621.2506_none_270c5ae97388e100;C:\Program Files\Android\Android Studio\jbr\bin\server;C:\Users\mrahm\.gradle\native\e1d6ef7f7dcc3fd88c89a11ec53ec762bb8ba0a96d01ffa2cd45eb1d1d8dd5c5\windows-amd64

VM Arguments:
jvm_args: -Dorg.gradle.appname=gradlew 
java_command: org.gradle.wrapper.GradleWrapperMain -q -Ptarget-platform=android-arm64 -Ptarget=C:\Users\mrahm\Desktop\solutionChallenge\lib\widgets\main.dart -Pbase-application-name=android.app.Application -Pdart-defines=Zmx1dHRlci5pbnNwZWN0b3Iuc3RydWN0dXJlZEVycm9ycz10cnVl,RkxVVFRFUl9XRUJfQVVUT19ERVRFQ1Q9dHJ1ZQ==,RkxVVFRFUl9XRUJfQ0FOVkFTS0lUX1VSTD1odHRwczovL3d3dy5nc3RhdGljLmNvbS9mbHV0dGVyLWNhbnZhc2tpdC9jZGJlZGE3ODhhMjkzZmEyOTY2NWRjM2ZhM2Q2ZTYzYmQyMjFjYjBkLw== -Pdart-obfuscation=false -Ptrack-widget-creation=true -Ptree-shake-icons=false -Pfilesystem-scheme=org-dartlang-root assembleDebug
java_class_path (initial): C:\Users\mrahm\Desktop\solutionChallenge\android\\gradle\wrapper\gradle-wrapper.jar
Launcher Type: SUN_STANDARD

[Global flags]
     intx CICompilerCount                          = 4                                         {product} {ergonomic}
     uint ConcGCThreads                            = 2                                         {product} {ergonomic}
     uint G1ConcRefinementThreads                  = 8                                         {product} {ergonomic}
   size_t G1HeapRegionSize                         = 4194304                                   {product} {ergonomic}
    uintx GCDrainStackTargetSize                   = 64                                        {product} {ergonomic}
   size_t InitialHeapSize                          = 335544320                                 {product} {ergonomic}
   size_t MarkStackSize                            = 4194304                                   {product} {ergonomic}
   size_t MaxHeapSize                              = 5314183168                                {product} {ergonomic}
   size_t MaxNewSize                               = 3187671040                                {product} {ergonomic}
   size_t MinHeapDeltaBytes                        = 4194304                                   {product} {ergonomic}
   size_t MinHeapSize                              = 8388608                                   {product} {ergonomic}
    uintx NonNMethodCodeHeapSize                   = 5839372                                {pd product} {ergonomic}
    uintx NonProfiledCodeHeapSize                  = 122909434                              {pd product} {ergonomic}
    uintx ProfiledCodeHeapSize                     = 122909434                              {pd product} {ergonomic}
    uintx ReservedCodeCacheSize                    = 251658240                              {pd product} {ergonomic}
     bool SegmentedCodeCache                       = true                                      {product} {ergonomic}
   size_t SoftMaxHeapSize                          = 5314183168                             {manageable} {ergonomic}
     bool UseCompressedClassPointers               = true                           {product lp64_product} {ergonomic}
     bool UseCompressedOops                        = true                           {product lp64_product} {ergonomic}
     bool UseG1GC                                  = true                                      {product} {ergonomic}
     bool UseLargePagesIndividualAllocation        = false                                  {pd product} {ergonomic}

Logging:
Log output configuration:
 #0: stdout all=warning uptime,level,tags
 #1: stderr all=off uptime,level,tags

Environment Variables:
JAVA_HOME=C:\Program Files\Android\Android Studio\jbr
CLASSPATH=C:\Users\mrahm\Desktop\solutionChallenge\android\\gradle\wrapper\gradle-wrapper.jar
PATH=C:\Program Files\Common Files\Oracle\Java\javapath;C:\Program Files (x86)\Common Files\Oracle\Java\javapath;C:\Windows\system32;C:\Windows;C:\Windows\System32\Wbem;C:\Windows\System32\WindowsPowerShell\v1.0\;C:\Windows\System32\OpenSSH\;C:\Program Files (x86)\Microsoft SQL Server\160\Tools\Binn\;C:\Program Files\Microsoft SQL Server\160\Tools\Binn\;C:\Program Files\Microsoft SQL Server\Client SDK\ODBC\170\Tools\Binn\;C:\Program Files\Microsoft SQL Server\160\DTS\Binn\;C:\MinGW\bin;C:\Program Files (x86)\Microsoft SQL Server\160\DTS\Binn\;C:\Program Files\Azure Data Studio\bin;C:\Program Files\Git\cmd;C:\Program Files\nodejs\;C:\Program Files\Docker\Docker\resources\bin;C:\Program Files\apache-maven-3.9.4\bin;C:\Users\mrahm\AppData\Local\Pub\Cache\bin;C:\Program Files\Microsoft SQL Server\150\Tools\Binn\;C:\Program Files\dotnet\;C:\Users\mrahm\anaconda3;C:\Users\mrahm\anaconda3\Library\mingw-w64\bin;C:\Users\mrahm\anaconda3\Library\usr\bin;C:\Users\mrahm\anaconda3\Library\bin;C:\Users\mrahm\anaconda3\Scripts;C:\Program Files\MySQL\MySQL Shell 8.0\bin\;C:\Users\mrahm\AppData\Local\Microsoft\WindowsApps;C:\Users\mrahm\AppData\Local\Programs\Microsoft VS Code\bin;C:\Users\mrahm\AppData\Local\GitHubDesktop\bin;C:\Program Files\Azure Data Studio\bin;C:\Program Files\JetBrains\IntelliJ IDEA 2023.1.3\bin;;C:\Users\mrahm\AppData\Roaming\npm;C:\src\flutter\bin;C:\dart-sdk\bin;C:\Program Files\MySQL\MySQL Server 8.1\bin;C:\Program Files\apache-maven-3.9.4\bin;C:\Users\mrahm\AppData\Local\Pub\Cache\bin;C:\Users\mrahm\.dotnet\tools;C:\Users\mrahm\AppData\Local\Android\Sdk\platform-tools;C:\Program Files\Java\jdk-20\bin;;C:\src\flutter\bin\mingit\cmd
USERNAME=mrahm
OS=Windows_NT
PROCESSOR_IDENTIFIER=Intel64 Family 6 Model 140 Stepping 1, GenuineIntel
TMP=C:\Users\mrahm\AppData\Local\Temp
TEMP=C:\Users\mrahm\AppData\Local\Temp


JNI global refs:
JNI global refs: 20, weak refs: 0

JNI global refs memory usage: 843, weak refs: 209


---------------  S Y S T E M  ---------------

OS:
 Windows 11 , 64 bit Build 22621 (10.0.22621.3085)
OS uptime: 1 days 23:02 hours
Hyper-V role detected

CPU: total 8 (initial active 8) (4 cores per cpu, 2 threads per core) family 6 model 140 stepping 1 microcode 0x8a, cx8, cmov, fxsr, ht, mmx, 3dnowpref, sse, sse2, sse3, ssse3, sse4.1, sse4.2, popcnt, lzcnt, tsc, tscinvbit, avx, avx2, aes, erms, clmul, bmi1, bmi2, adx, avx512f, avx512dq, avx512cd, avx512bw, avx512vl, sha, fma, vzeroupper, avx512_vpopcntdq, avx512_vpclmulqdq, avx512_vaes, avx512_vnni, clflush, clflushopt, clwb, avx512_vbmi2, avx512_vbmi, hv

Memory: 4k page, system-wide physical 20259M (389M free)
TotalPageFile size 27427M (AvailPageFile size 5M)
current process WorkingSet (physical memory assigned to process): 95M, peak: 95M
current process commit charge ("private bytes"): 430M, peak: 430M

vm_info: OpenJDK 64-Bit Server VM (17.0.6+0-b2043.56-10027231) for windows-amd64 JRE (17.0.6+0-b2043.56-10027231), built on Apr 28 2023 00:43:19 by "androidbuild" with MS VC++ 16.10 / 16.11 (VS2019)

END.
